2026-06-15 23:07:24,496  INFO      ============================================================
2026-06-15 23:07:24,496  INFO      AACapital — Anchor Investor Scraper
2026-06-15 23:07:24,500  INFO      ============================================================
2026-06-15 23:07:24,757  INFO      ✓ Connected to Neon
2026-06-15 23:07:24,841  INFO      Companies to process: 330
2026-06-15 23:07:29,952  INFO      [1] Skipping AGS Transact (already has: MIXED)
2026-06-15 23:07:29,952  INFO      [2] Skipping ASK Automotive (already has: WEAK)
2026-06-15 23:07:29,954  INFO      [3] Skipping Aadhar Housing (already has: WEAK)
2026-06-15 23:07:29,955  INFO      [4] Skipping Abans Holdings (already has: STRONG)
2026-06-15 23:07:29,956  INFO      [5] Skipping Adani Wilmar (already has: STRONG)
2026-06-15 23:07:29,956  INFO      [6] Skipping Aditya Birla AMC (already has: WEAK)
2026-06-15 23:07:29,957  INFO      [7] Skipping Aditya Infotech Ltd (already has: WEAK)
2026-06-15 23:07:29,957  INFO      [8] Skipping Advance Agrolife Ltd (already has: WEAK)
2026-06-15 23:07:29,957  INFO      [9] Skipping Aegis Vopak Terminals Limited (already has: WEAK)
2026-06-15 23:07:29,958  INFO      [10] Skipping Aequs Ltd (already has: WEAK)
2026-06-15 23:07:29,958  INFO      [11] Skipping Aeroflex Industries (already has: STRONG)
2026-06-15 23:07:29,959  INFO      [12] Skipping Aether Industries (already has: STRONG)
2026-06-15 23:07:29,959  INFO      [13] Skipping All Time Plastics Ltd (already has: WEAK)
2026-06-15 23:07:29,959  INFO      [14] Skipping Amagi Media Labs Ltd (already has: WEAK)
2026-06-15 23:07:29,960  INFO      [15] Skipping Amanta Healthcare Ltd (already has: WEAK)
2026-06-15 23:07:29,960  INFO      [16] Skipping Ami Organics (already has: STRONG)
2026-06-15 23:07:29,960  INFO      [17] Skipping Amir Chand Jagdish Kumar Exports Ltd (already has: WEAK)
2026-06-15 23:07:29,960  INFO      [18] Skipping Anand Rathi Share and Stock Brokers Ltd (already has: WEAK)
2026-06-15 23:07:29,961  INFO      [19] Skipping Anand Rathi Wealth (already has: STRONG)
2026-06-15 23:07:29,962  INFO      [20] Skipping Angel Broking (already has: STRONG)
2026-06-15 23:07:29,962  INFO      [21] Skipping Anlon Healthcare Ltd (already has: WEAK)
2026-06-15 23:07:29,963  INFO      [22] Skipping Anthem Biosciences Ltd (already has: WEAK)
2026-06-15 23:07:29,969  INFO      [23] Skipping Antony Waste Handling Cell (already has: WEAK)
2026-06-15 23:07:29,970  INFO      [24] Skipping Anupam Rasyan (already has: WEAK)
2026-06-15 23:07:29,970  INFO      [25] Skipping Aptus Value Housing Finance (already has: WEAK)
2026-06-15 23:07:29,970  INFO      [26] Skipping Archean Chemical (already has: WEAK)
2026-06-15 23:07:29,971  INFO      [27] Skipping Arisinfra Solutions Limited (already has: WEAK)
2026-06-15 23:07:29,971  INFO      [28] Skipping Ather Energy Limited (already has: WEAK)
2026-06-15 23:07:29,972  INFO      [29] Skipping Atlanta Electricals Ltd (already has: WEAK)
2026-06-15 23:07:29,972  INFO      [30] Skipping Avalon Technologies (already has: WEAK)
2026-06-15 23:07:29,973  INFO      [31] Skipping Aye Finance Ltd (already has: WEAK)
2026-06-15 23:07:29,973  INFO      [32] Skipping Azad Engineering (already has: WEAK)
2026-06-15 23:07:29,973  INFO      [33] Skipping BLS E-Services (already has: WEAK)
2026-06-15 23:07:29,973  INFO      [34] Skipping BMW Ventures Ltd (already has: WEAK)
2026-06-15 23:07:29,974  INFO      [35] Skipping Bagmane Prime Office REIT (already has: WEAK)
2026-06-15 23:07:29,974  INFO      [36] Skipping Bansal Wire (already has: WEAK)
2026-06-15 23:07:29,975  INFO      [37] Skipping Barbeque Nation (already has: WEAK)
2026-06-15 23:07:29,976  INFO      [38] Skipping Belrise Industries Limited (already has: WEAK)
2026-06-15 23:07:29,976  INFO      [39] Skipping Bharat Coking Coal Ltd (already has: WEAK)
2026-06-15 23:07:29,977  INFO      [40] Skipping Bharti Hexacom (already has: STRONG)
2026-06-15 23:07:29,977  INFO      [41] Skipping Bikaji Foods (already has: WEAK)
2026-06-15 23:07:29,977  INFO      [42] Skipping Billionbrains Garage Ventures Ltd (already has: WEAK)
2026-06-15 23:07:29,983  INFO      [43] Skipping Blue Jet Healthcare (already has: WEAK)
2026-06-15 23:07:29,983  INFO      [44] Skipping BlueStone Jewellery and Lifestyle Ltd (already has: WEAK)
2026-06-15 23:07:29,984  INFO      [45] Skipping Borana Weaves Limited (already has: WEAK)
2026-06-15 23:07:29,985  INFO      [46] Skipping Brigade Hotel Ventures Ltd (already has: WEAK)
2026-06-15 23:07:29,985  INFO      [47] Skipping Burger King (already has: WEAK)
2026-06-15 23:07:29,985  INFO      [48] Skipping CAMS (already has: WEAK)
2026-06-15 23:07:29,986  INFO      [49] Skipping CE Infosystems (already has: WEAK)
2026-06-15 23:07:29,986  INFO      [50] Skipping CMS Infosystems (already has: WEAK)
2026-06-15 23:07:29,986  INFO      [51] Skipping Campus Shoes (already has: WEAK)
2026-06-15 23:07:29,987  INFO      [52] Skipping Canara HSBC Life Insurance Co Ltd (already has: WEAK)
2026-06-15 23:07:29,987  INFO      [53] Skipping Canara Robeco Asset Management Co Ltd (already has: WEAK)
2026-06-15 23:07:29,988  INFO      [54] Skipping Capillary Technologies India Ltd (already has: WEAK)
2026-06-15 23:07:29,988  INFO      [55] Skipping CarTrade Tech (already has: WEAK)
2026-06-15 23:07:29,988  INFO      [56] Skipping Carraro India (already has: WEAK)
2026-06-15 23:07:29,989  INFO      [57] Skipping Cello World (already has: WEAK)
2026-06-15 23:07:29,989  INFO      [58] Skipping Central Mine Planning and Design Institute Ltd (already has: WEAK)
2026-06-15 23:07:29,989  INFO      [59] Skipping Chemcon Speciality Chemicals (already has: WEAK)
2026-06-15 23:07:29,990  INFO      [60] Skipping Chemplast Sanmar (already has: WEAK)
2026-06-15 23:07:29,990  INFO      [61] Skipping Clean Max Enviro Energy Solutions Ltd (already has: WEAK)
2026-06-15 23:07:29,990  INFO      [62] Skipping Clean Science And Technology (already has: WEAK)
2026-06-15 23:07:29,991  INFO      [63] Skipping Concord Biotech (already has: WEAK)
2026-06-15 23:07:29,991  INFO      [64] Skipping Corona Remedies Ltd (already has: WEAK)
2026-06-15 23:07:29,992  INFO      [65] Skipping Craftsman Automation (already has: WEAK)
2026-06-15 23:07:29,992  INFO      [66] Skipping Credo Brands (already has: WEAK)
2026-06-15 23:07:29,992  INFO      [67] Skipping Crizac Limited (already has: WEAK)
2026-06-15 23:07:29,992  INFO      [68] Skipping Cyient DLM (already has: WEAK)
2026-06-15 23:07:29,992  INFO      [69] Skipping DCX Systems (already has: WEAK)
2026-06-15 23:07:29,993  INFO      [70] Skipping DOMS Industries (already has: WEAK)
2026-06-15 23:07:29,993  INFO      [71] Skipping Data Patterns (already has: WEAK)
2026-06-15 23:07:29,993  INFO      [72] Skipping Delhivery (already has: WEAK)
2026-06-15 23:07:29,994  INFO      [73] Skipping Dev Accelerator Ltd (already has: WEAK)
2026-06-15 23:07:30,002  INFO      [74] Skipping Devyani International (already has: WEAK)
2026-06-15 23:07:30,003  INFO      [75] Skipping Dharmaj Crop Guard (already has: WEAK)
2026-06-15 23:07:30,003  INFO      [76] Skipping Divgi TorqTransfer (already has: WEAK)
2026-06-15 23:07:30,003  INFO      [77] Skipping Dodla Dairy (already has: WEAK)
2026-06-15 23:07:30,004  INFO      [78] Skipping DreamFolks (already has: WEAK)
2026-06-15 23:07:30,004  INFO      [79] Skipping Dreamfolks Services (already has: WEAK)
2026-06-15 23:07:30,004  INFO      [80] Skipping ECOS Mobility (already has: WEAK)
2026-06-15 23:07:30,005  INFO      [81] Skipping EMS Limited (already has: WEAK)
2026-06-15 23:07:30,005  INFO      [82] Skipping ESAF Bank (already has: WEAK)
2026-06-15 23:07:30,005  INFO      [83] Skipping Easy Trip Planners (already has: WEAK)
2026-06-15 23:07:30,006  INFO      [84] Skipping Electronics Mart (already has: WEAK)
2026-06-15 23:07:30,006  INFO      [85] Skipping Elin Electronics (already has: WEAK)
2026-06-15 23:07:30,006  INFO      [86] Skipping Ellenbarrie Industrial Gases Limited (already has: WEAK)
2026-06-15 23:07:30,006  INFO      [87] Skipping Emcure (already has: WEAK)
2026-06-15 23:07:30,007  INFO      [88] Skipping Emmvee Photovoltaic Power Ltd (already has: WEAK)
2026-06-15 23:07:30,007  INFO      [89] Skipping Epack Prefab Technologies Ltd (already has: WEAK)
2026-06-15 23:07:30,007  INFO      [90] Skipping Equitas Small Finance Bank (already has: WEAK)
2026-06-15 23:07:30,007  INFO      [91] Skipping Ethos (already has: WEAK)
2026-06-15 23:07:30,008  INFO      [92] Skipping Euro Pratik Sales Ltd (already has: WEAK)
2026-06-15 23:07:30,009  INFO      [93] Skipping Excelsoft Technologies Ltd (already has: WEAK)
2026-06-15 23:07:30,009  INFO      [94] Skipping Exicom (already has: WEAK)
2026-06-15 23:07:30,010  INFO      [95] Skipping Exxaro Tiles (already has: WEAK)
2026-06-15 23:07:30,010  INFO      [96] Skipping FSN E-Commerce Ventures (Nykaa) (already has: WEAK)
2026-06-15 23:07:30,011  INFO      [97] Skipping Fabtech Technologies Ltd (already has: WEAK)
2026-06-15 23:07:30,011  INFO      [98] Skipping FedFina (already has: WEAK)
2026-06-15 23:07:30,011  INFO      [99] Skipping Fino Payments Bank (already has: WEAK)
2026-06-15 23:07:30,011  INFO      [100] Skipping FirstCry (already has: WEAK)
2026-06-15 23:07:30,011  INFO      [101] Skipping Five-Star Business Finance (already has: WEAK)
2026-06-15 23:07:30,011  INFO      [102] Skipping Flair Writing (already has: WEAK)
2026-06-15 23:07:30,011  INFO      [103] Skipping Flair Writing Industries (already has: WEAK)
2026-06-15 23:07:30,012  INFO      [104] Skipping Fractal Analytics Ltd (already has: WEAK)
2026-06-15 23:07:30,012  INFO      [105] Skipping Fujiyama Power Systems Ltd (already has: WEAK)
2026-06-15 23:07:30,012  INFO      [106] Skipping Fusion Microfinance (already has: WEAK)
2026-06-15 23:07:30,012  INFO      [107] Skipping G R Infraprojects (already has: WEAK)
2026-06-15 23:07:30,012  INFO      [108] Skipping GK Energy Ltd (already has: WEAK)
2026-06-15 23:07:30,013  INFO      [109] Skipping GNG Electronics Ltd (already has: WEAK)
2026-06-15 23:07:30,013  INFO      [110] Skipping GPT Healthcare (already has: WEAK)
2026-06-15 23:07:30,013  INFO      [111] Skipping GR Infraprojects (already has: WEAK)
2026-06-15 23:07:30,013  INFO      [112] Skipping GSP Crop Science Ltd (already has: WEAK)
2026-06-15 23:07:30,014  INFO      [113] Skipping Gandhar Oil (already has: WEAK)
2026-06-15 23:07:30,014  INFO      [114] Skipping Ganesh Consumer Products Ltd (already has: WEAK)
2026-06-15 23:07:30,014  INFO      [115] Skipping Gaudium IVF and Women Health Ltd (already has: WEAK)
2026-06-15 23:07:30,014  INFO      [116] Skipping Gem Aromatics Ltd (already has: WEAK)
2026-06-15 23:07:30,015  INFO      [117] Skipping Gland Pharma (already has: WEAK)
2026-06-15 23:07:30,015  INFO      [118] Skipping Glenmark Life Sciences (already has: WEAK)
2026-06-15 23:07:30,015  INFO      [119] Skipping Global Health (Medanta) (already has: WEAK)
2026-06-15 23:07:30,016  INFO      [120] Skipping Global Surfaces (already has: WEAK)
2026-06-15 23:07:30,016  INFO      [121] Skipping Globe Civil Projects Limited (already has: WEAK)
2026-06-15 23:07:30,016  INFO      [122] Skipping Glottis Ltd (already has: WEAK)
2026-06-15 23:07:30,016  INFO      [123] Skipping Go Fashion (already has: WEAK)
2026-06-15 23:07:30,017  INFO      [124] Skipping Go Fashion (India) (already has: WEAK)
2026-06-15 23:07:30,017  INFO      [125] Skipping Gujarat Kidney and Super Speciality Ltd (already has: WEAK)
2026-06-15 23:07:30,017  INFO      [126] Skipping HDB Financial Services Limited (already has: WEAK)
2026-06-15 23:07:30,018  INFO      [127] Skipping HMA Agro (already has: WEAK)
2026-06-15 23:07:30,018  INFO      [128] Skipping HP Adhesives (already has: WEAK)
2026-06-15 23:07:30,018  INFO      [129] Skipping Happiest Minds Technologies (already has: WEAK)
2026-06-15 23:07:30,019  INFO      [130] Skipping Happy Forgings (already has: WEAK)
2026-06-15 23:07:30,019  INFO      [131] Skipping HariOm Pipe (already has: WEAK)
2026-06-15 23:07:30,019  INFO      [132] Skipping Harsha Engineers (already has: WEAK)
2026-06-15 23:07:30,019  INFO      [133] Skipping Harsha Engineers International (already has: WEAK)
2026-06-15 23:07:30,020  INFO      [134] Skipping Heranba Industries (already has: WEAK)
2026-06-15 23:07:30,020  INFO      [135] Skipping Highway Infrastructure Ltd (already has: WEAK)
2026-06-15 23:07:30,020  INFO      [136] Skipping Home First Finance (already has: WEAK)
2026-06-15 23:07:30,021  INFO      [137] Skipping Hyundai Motor (already has: WEAK)
2026-06-15 23:07:30,021  INFO      [138] Skipping ICICI Prudential Asset Management Co Ltd (already has: WEAK)
2026-06-15 23:07:30,021  INFO      [139] Skipping IKIO Lighting (already has: WEAK)
2026-06-15 23:07:30,022  INFO      [140] Skipping INOX India (already has: WEAK)
2026-06-15 23:07:30,022  INFO      [141] Skipping IREDA (already has: WEAK)
2026-06-15 23:07:30,022  INFO      [142] Skipping IRFC (already has: WEAK)
2026-06-15 23:07:30,022  INFO      [143] Skipping IRM Energy (already has: WEAK)
2026-06-15 23:07:30,023  INFO      [144] Skipping IdeaForge (already has: WEAK)
2026-06-15 23:07:30,023  INFO      [145] Skipping India Pesticides (already has: WEAK)
2026-06-15 23:07:30,023  INFO      [146] Skipping India Shelter Finance (already has: WEAK)
2026-06-15 23:07:30,023  INFO      [147] Skipping Indigo Paints (already has: WEAK)
2026-06-15 23:07:30,023  INFO      [148] Skipping Indiqube Spaces Ltd (already has: WEAK)
2026-06-15 23:07:30,023  INFO      [149] Skipping Indogulf Cropsciences Limited (already has: WEAK)
2026-06-15 23:07:30,024  INFO      [150] Skipping Innova Captab (already has: WEAK)
2026-06-15 23:07:30,024  INFO      [151] Skipping Innovision Ltd (already has: WEAK)
2026-06-15 23:07:30,024  INFO      [152] Skipping Inox Green Energy (already has: WEAK)
2026-06-15 23:07:30,025  INFO      [153] Skipping Interarch (already has: WEAK)
2026-06-15 23:07:30,034  INFO      [154] Skipping Ivalue Infosolutions Ltd (already has: WEAK)
2026-06-15 23:07:30,035  INFO      [155] Skipping JNK India (already has: WEAK)
2026-06-15 23:07:30,035  INFO      [156] Skipping JSW Cement Ltd (already has: WEAK)
2026-06-15 23:07:30,035  INFO      [157] Skipping JSW Infra (already has: WEAK)
2026-06-15 23:07:30,035  INFO      [158] Skipping JSW Infrastructure (already has: WEAK)
2026-06-15 23:07:30,036  INFO      [159] Skipping Jain Resource Recycling Ltd (already has: WEAK)
2026-06-15 23:07:30,036  INFO      [160] Skipping Jana SFB (already has: WEAK)
2026-06-15 23:07:30,036  INFO      [161] Skipping Jaro Institute of Technology Management and Research Ltd (already has: WEAK)
2026-06-15 23:07:30,036  INFO      [162] Skipping Jinkushal Industries Ltd (already has: WEAK)
2026-06-15 23:07:30,037  INFO      [163] Skipping Jupiter Life Line Hospitals (already has: WEAK)
2026-06-15 23:07:30,037  INFO      [164] Skipping KFin Technologies (already has: WEAK)
2026-06-15 23:07:30,037  INFO      [165] Skipping KIMS (already has: WEAK)
2026-06-15 23:07:30,038  INFO      [166] Skipping KSH International Ltd (already has: WEAK)
2026-06-15 23:07:30,039  INFO      [167] Skipping Kalpataru Limited (already has: WEAK)
2026-06-15 23:07:30,039  INFO      [168] Skipping Kalyan Jewellers (already has: WEAK)
2026-06-15 23:07:30,039  INFO      [169] Skipping Kaynes Technology (already has: WEAK)
2026-06-15 23:07:30,039  INFO      [170] Skipping Kaynes Technology India (already has: WEAK)
2026-06-15 23:07:30,039  INFO      [171] Skipping Keystone Realtors (already has: WEAK)
2026-06-15 23:07:30,040  INFO      [172] Skipping Knowledge Realty Trust REIT (already has: WEAK)
2026-06-15 23:07:30,040  INFO      [173] Skipping Krsnaa Diagnostics (already has: WEAK)
2026-06-15 23:07:30,040  INFO      [174] Skipping LG Electronics India Ltd (already has: WEAK)
2026-06-15 23:07:30,040  INFO      [175] Skipping LIC (already has: WEAK)
2026-06-15 23:07:30,041  INFO      [176] Skipping Landmark Cars (already has: WEAK)
2026-06-15 23:07:30,041  INFO      [177] Skipping Latent View Analytics (already has: WEAK)
2026-06-15 23:07:30,042  INFO      [178] Skipping Laxmi India Finance Ltd (already has: WEAK)
2026-06-15 23:07:30,043  INFO      [179] Skipping Laxmi Organic (already has: WEAK)
2026-06-15 23:07:30,043  INFO      [180] Skipping Lenskart Solutions Ltd (already has: WEAK)
2026-06-15 23:07:30,044  INFO      [181] Skipping Likhitha Infrastructure (already has: WEAK)
2026-06-15 23:07:30,044  INFO      [182] Skipping Lodha Macrotech Developers (already has: WEAK)
2026-06-15 23:07:30,044  INFO      [183] Skipping M B Engineering Ltd (already has: WEAK)
2026-06-15 23:07:30,045  INFO      [184] Skipping MTAR Technologies (already has: WEAK)
2026-06-15 23:07:30,045  INFO      [185] Skipping Mamaearth (already has: WEAK)
2026-06-15 23:07:30,045  INFO      [186] Skipping Mangal Electrical Industries Ltd (already has: WEAK)
2026-06-15 23:07:30,046  INFO      [187] Skipping Mankind Pharma (already has: WEAK)
2026-06-15 23:07:30,046  INFO      [188] Skipping Manoj Vaibhav Gems (already has: WEAK)
2026-06-15 23:07:30,046  INFO      [189] Skipping Mazagon Dock Shipbuilders (already has: WEAK)
2026-06-15 23:07:30,046  INFO      [190] Skipping Medi Assist (already has: WEAK)
2026-06-15 23:07:30,047  INFO      [191] Skipping Medplus Health (already has: WEAK)
2026-06-15 23:07:30,047  INFO      [192] Skipping Meesho Ltd (already has: WEAK)
2026-06-15 23:07:30,047  INFO      [193] Skipping Metro Brands (already has: WEAK)
2026-06-15 23:07:30,048  INFO      [194] Skipping Midwest Ltd (already has: WEAK)
2026-06-15 23:07:30,048  INFO      [195] Skipping Mobikwik (already has: WEAK)
2026-06-15 23:07:30,048  INFO      [196] Skipping Motisons Jewellers (already has: WEAK)
2026-06-15 23:07:30,049  INFO      [197] Skipping Mrs Bectors Food Specialities (already has: WEAK)
2026-06-15 23:07:30,049  INFO      [198] Skipping Muthoot Microfin (already has: WEAK)
2026-06-15 23:07:30,049  INFO      [199] Skipping NTPC Green (already has: WEAK)
2026-06-15 23:07:30,049  INFO      [200] Skipping National Securities Depository Ltd (already has: WEAK)
2026-06-15 23:07:48,901  INFO      [201] Skipping Nazara Technologies (already has: WEAK)
2026-06-15 23:07:48,915  INFO      [202] Skipping Nephrocare Health Services Ltd (already has: WEAK)
2026-06-15 23:07:48,917  INFO      [203] Skipping Netweb Technologies (already has: WEAK)
2026-06-15 23:07:48,917  INFO      [204] Skipping Netweb Technologies India (already has: WEAK)
2026-06-15 23:07:48,917  INFO      [205] Skipping Nova Agritech (already has: WEAK)
2026-06-15 23:07:48,918  INFO      [206] Skipping Nureca (already has: WEAK)
2026-06-15 23:07:48,918  INFO      [207] Skipping Nuvoco Vistas (already has: WEAK)
2026-06-15 23:07:48,918  INFO      [208] Skipping Nykaa (already has: WEAK)
2026-06-15 23:07:48,918  INFO      [209] Skipping Ola Electric (already has: STRONG)
2026-06-15 23:07:48,919  INFO      [210] Skipping Om Freight Forwarders Ltd (already has: WEAK)
2026-06-15 23:07:48,919  INFO      [211] Skipping Om Power Transmission Ltd (already has: WEAK)
2026-06-15 23:07:48,919  INFO      [212] Skipping Omnitech Engineering Ltd (already has: WEAK)
2026-06-15 23:07:48,919  INFO      [213] Skipping OnEMI Technology Solutions Ltd (already has: WEAK)
2026-06-15 23:07:48,920  INFO      [214] Skipping Orkla India Ltd (already has: WEAK)
2026-06-15 23:07:48,920  INFO      [215] Skipping Oswal Pumps Limited (already has: WEAK)
2026-06-15 23:07:48,920  INFO      [216] Skipping PNGS Reva Diamond Jewellery Ltd (already has: WEAK)
2026-06-15 23:07:48,921  INFO      [217] Skipping Pace Digitek Ltd (already has: WEAK)
2026-06-15 23:07:48,921  INFO      [218] Skipping Paradeep Phosphates (already has: WEAK)
2026-06-15 23:07:48,921  INFO      [219] Skipping Paras Defence (already has: WEAK)
2026-06-15 23:07:48,921  INFO      [220] Skipping Paras Defence and Space Technologies (already has: WEAK)
2026-06-15 23:07:48,922  INFO      [221] Skipping Park Medi World Ltd (already has: WEAK)
2026-06-15 23:07:48,922  INFO      [222] Skipping Patel Retail Ltd (already has: WEAK)
2026-06-15 23:07:48,922  INFO      [223] Skipping Paytm (already has: WEAK)
2026-06-15 23:07:48,922  INFO      [224] Skipping PhysicsWallah Ltd (already has: WEAK)
2026-06-15 23:07:48,923  INFO      [225] Skipping Pine Labs Ltd (already has: WEAK)
2026-06-15 23:07:48,923  INFO      [226] Skipping Platinum Ind (already has: WEAK)
2026-06-15 23:07:48,923  INFO      [227] Skipping Plaza Wires (already has: WEAK)
2026-06-15 23:07:48,931  INFO      [228] Skipping PolicyBazaar (already has: WEAK)
2026-06-15 23:07:48,932  INFO      [229] Skipping Powerica Ltd (already has: WEAK)
2026-06-15 23:07:48,932  INFO      [230] Skipping Premier Energies (already has: STRONG)
2026-06-15 23:07:48,932  INFO      [231] Skipping Prostarm Info Systems Limited (already has: WEAK)
2026-06-15 23:07:48,933  INFO      [232] Skipping Protean eGov (already has: WEAK)
2026-06-15 23:07:48,933  INFO      [233] Skipping Prudent Corporate Advisory (already has: WEAK)
2026-06-15 23:07:48,933  INFO      [234] Skipping Pyramid Technoplast (already has: WEAK)
2026-06-15 23:07:48,933  INFO      [235] Skipping RBZ Jewellers (already has: WEAK)
2026-06-15 23:07:48,933  INFO      [236] Skipping RR Kabel (already has: WEAK)
2026-06-15 23:07:48,934  INFO      [237] Skipping Radiant Cash Management (already has: WEAK)
2026-06-15 23:07:48,934  INFO      [238] Skipping RailTel (already has: WEAK)
2026-06-15 23:07:48,934  INFO      [239] Skipping Rainbow Hospital (already has: WEAK)
2026-06-15 23:07:48,935  INFO      [240] Skipping Rajputana Stainless Ltd (already has: WEAK)
2026-06-15 23:07:48,935  INFO      [241] Skipping Rategain Travel (already has: WEAK)
2026-06-15 23:07:48,936  INFO      [242] Skipping Ratnaveer Precision Engineering (already has: WEAK)
2026-06-15 23:07:48,936  INFO      [243] Skipping Regaal Resources Ltd (already has: WEAK)
2026-06-15 23:07:48,936  INFO      [244] Skipping Rishabh Instruments (already has: WEAK)
2026-06-15 23:07:48,937  INFO      [245] Skipping Rolex Rings (already has: WEAK)
2026-06-15 23:07:48,937  INFO      [246] Skipping Rossari Biotech (already has: WEAK)
2026-06-15 23:07:48,937  INFO      [247] Skipping Route Mobile (already has: WEAK)
2026-06-15 23:07:48,937  INFO      [248] Skipping Rubicon Research Ltd (already has: WEAK)
2026-06-15 23:07:48,938  INFO      [249] Skipping SBFC Finance (already has: WEAK)
2026-06-15 23:07:48,938  INFO      [250] Skipping SBI Cards (already has: WEAK)
2026-06-15 23:07:48,938  INFO      [251] Skipping SEDEMAC Mechatronics Ltd (already has: WEAK)
2026-06-15 23:07:48,938  INFO      [252] Skipping SJS Enterprises (already has: WEAK)
2026-06-15 23:07:48,939  INFO      [253] Skipping Saatvik Green Energy Ltd (already has: WEAK)
2026-06-15 23:07:48,939  INFO      [254] Skipping Sah Polymers (already has: WEAK)
2026-06-15 23:07:48,939  INFO      [255] Skipping Sai Parenterals Ltd (already has: WEAK)
2026-06-15 23:07:48,946  INFO      [256] Skipping Sai Silks (already has: WEAK)
2026-06-15 23:07:48,947  INFO      [257] Skipping Sambhv Steel Tubes Limited (already has: WEAK)
2026-06-15 23:07:48,947  INFO      [258] Skipping Samhi Hotels (already has: WEAK)
2026-06-15 23:07:48,948  INFO      [259] Skipping Sansera Engineering (already has: WEAK)
2026-06-15 23:07:48,948  INFO      [260] Skipping Sapphire Foods (already has: WEAK)
2026-06-15 23:07:48,948  INFO      [261] Skipping Schloss Bangalore Limited (already has: WEAK)
2026-06-15 23:07:48,948  INFO      [262] Skipping Scoda Tubes Limited (already has: WEAK)
2026-06-15 23:07:48,949  INFO      [263] Skipping Senco Gold (already has: WEAK)
2026-06-15 23:07:48,949  INFO      [264] Skipping Senores Pharma (already has: WEAK)
2026-06-15 23:07:48,949  INFO      [265] Skipping Seshaasai Technologies Ltd (already has: WEAK)
2026-06-15 23:07:48,949  INFO      [266] Skipping Shadowfax Technologies Ltd (already has: WEAK)
2026-06-15 23:07:48,950  INFO      [267] Skipping Shanti Gold International Ltd (already has: WEAK)
2026-06-15 23:07:48,950  INFO      [268] Skipping Shree Ram Twistex Ltd (already has: WEAK)
2026-06-15 23:07:48,950  INFO      [269] Skipping Shreeji Shipping Global Ltd (already has: WEAK)
2026-06-15 23:07:48,951  INFO      [270] Skipping Shringar House of Mangalsutra Ltd (already has: WEAK)
2026-06-15 23:07:48,951  INFO      [271] Skipping Shriram Properties (already has: WEAK)
2026-06-15 23:07:48,951  INFO      [272] Skipping Shyam Metalics (already has: WEAK)
2026-06-15 23:07:48,951  INFO      [273] Skipping Sigachi Industries (already has: WEAK)
2026-06-15 23:07:48,952  INFO      [274] Skipping Signature Global (already has: WEAK)
2026-06-15 23:07:48,952  INFO      [275] Skipping Smartworks Coworking Spaces Limited (already has: WEAK)
2026-06-15 23:07:48,952  INFO      [276] Skipping Solarworld Energy Solutions Ltd (already has: WEAK)
2026-06-15 23:07:48,952  INFO      [277] Skipping Sona BLW (already has: WEAK)
2026-06-15 23:07:48,953  INFO      [278] Skipping Sri Lotus Developers & Realty Ltd (already has: WEAK)
2026-06-15 23:07:48,953  INFO      [279] Skipping Star Health (already has: WEAK)
2026-06-15 23:07:48,953  INFO      [280] Skipping Stove Kraft (already has: WEAK)
2026-06-15 23:07:48,953  INFO      [281] Skipping Studds Accessories Ltd (already has: WEAK)
2026-06-15 23:07:48,953  INFO      [282] Skipping Sudeep Pharma Ltd (already has: WEAK)
2026-06-15 23:07:48,953  INFO      [283] Skipping Sula Vineyards (already has: WEAK)
2026-06-15 23:07:48,954  INFO      [284] Skipping Supriya Lifescience (already has: WEAK)
2026-06-15 23:07:48,954  INFO      [285] Skipping Suraj Estate (already has: WEAK)
2026-06-15 23:07:48,954  INFO      [286] Skipping Suryoday Bank (already has: WEAK)
2026-06-15 23:07:48,954  INFO      [287] Skipping Syrma SGS (already has: WEAK)
2026-06-15 23:07:48,957  INFO      [288] Skipping TBO Tek (already has: STRONG)
2026-06-15 23:07:48,963  INFO      [289] Skipping TVS Supply Chain (already has: WEAK)
2026-06-15 23:07:48,964  INFO      [290] Skipping Tamilnad Mercantile Bank (already has: WEAK)
2026-06-15 23:07:48,964  INFO      [291] Skipping Tarsons Products (already has: WEAK)
2026-06-15 23:07:48,964  INFO      [292] Skipping Tata Capital Ltd (already has: WEAK)
2026-06-15 23:07:48,965  INFO      [293] Skipping Tata Technologies (already has: WEAK)
2026-06-15 23:07:48,965  INFO      [294] Skipping Tatva Chintan Pharma (already has: WEAK)
2026-06-15 23:07:48,965  INFO      [295] Skipping Tatva Chintan Pharma Chem (already has: WEAK)
2026-06-15 23:07:48,966  INFO      [296] Skipping Tega Industries (already has: WEAK)
2026-06-15 23:07:48,966  INFO      [297] Skipping Tenneco Clean Air India Ltd (already has: WEAK)
2026-06-15 23:07:48,966  INFO      [298] Skipping Tracxn (already has: WEAK)
2026-06-15 23:07:48,967  INFO      [299] Skipping Travel Food Services Limited (already has: WEAK)
2026-06-15 23:07:48,967  INFO      [300] Skipping Trualt Bioenergy Ltd (already has: WEAK)
2026-06-15 23:07:48,967  INFO      [301] Skipping UTI AMC (already has: WEAK)
2026-06-15 23:07:48,967  INFO      [302] Skipping Udayshivakumar Infra (already has: WEAK)
2026-06-15 23:07:48,968  INFO      [303] Skipping Uma Exports (already has: WEAK)
2026-06-15 23:07:48,968  INFO      [304] Skipping Unicommerce (already has: WEAK)
2026-06-15 23:07:48,968  INFO      [305] Skipping Unimech Aero (already has: WEAK)
2026-06-15 23:07:48,968  INFO      [306] Skipping Uniparts (already has: WEAK)
2026-06-15 23:07:48,969  INFO      [307] Skipping Updater Services (already has: WEAK)
2026-06-15 23:07:48,969  INFO      [308] Skipping Urban Co Ltd (already has: WEAK)
2026-06-15 23:07:48,969  INFO      [309] Skipping Utkarsh Small Finance Bank (already has: WEAK)
2026-06-15 23:07:48,969  INFO      [310] Skipping VMS TMT Ltd (already has: WEAK)
2026-06-15 23:07:48,969  INFO      [311] Skipping Valiant Laboratories (already has: WEAK)
2026-06-15 23:07:48,970  INFO      [312] Skipping Vedant Fashions (already has: WEAK)
2026-06-15 23:07:48,970  INFO      [313] Skipping Ventive Hosp (already has: WEAK)
2026-06-15 23:07:48,971  INFO      [314] Skipping Venus Pipes (already has: WEAK)
2026-06-15 23:07:48,971  INFO      [315] Skipping Veranda Learning (already has: WEAK)
2026-06-15 23:07:48,971  INFO      [316] Skipping Vidya Wires Ltd (already has: WEAK)
2026-06-15 23:07:48,971  INFO      [317] Skipping Vijaya Diagnostic (already has: WEAK)
2026-06-15 23:07:48,972  INFO      [318] Skipping Vikram Solar Ltd (already has: WEAK)
2026-06-15 23:07:48,972  INFO      [319] Skipping Vikran Engineering Ltd (already has: WEAK)
2026-06-15 23:07:48,972  INFO      [320] Skipping Vishnu Prakash Punglia (already has: WEAK)
2026-06-15 23:07:48,972  INFO      [321] Skipping Wakefit Innovations Ltd (already has: WEAK)
2026-06-15 23:07:48,973  INFO      [322] Skipping WeWork India Management Ltd (already has: WEAK)
2026-06-15 23:07:48,973  INFO      [323] Skipping Windlas Biotech (already has: WEAK)
2026-06-15 23:07:48,974  INFO      [324] Skipping Yatharth Hospital (already has: WEAK)
2026-06-15 23:07:48,974  INFO      [325] Skipping Yatra Online (already has: WEAK)
2026-06-15 23:07:48,975  INFO      [326] Skipping Zaggle Prepaid (already has: WEAK)
2026-06-15 23:07:48,975  INFO      [327] Skipping Zomato (already has: WEAK)
2026-06-15 23:07:48,976  INFO      [328] Skipping eMudhra (already has: WEAK)
2026-06-15 23:07:48,976  INFO      [329] Skipping ideaForge Technology (already has: WEAK)
2026-06-15 23:07:48,976  INFO      [330] Skipping ixigo (already has: WEAK)
2026-06-15 23:07:48,976  INFO      
Done — Scraped: 0 | From history: 0 | Failed: 0
