2026-06-15 23:36:30,556 Companies to scrape: 330
2026-06-15 23:36:33,631 [1/330] AGS Transact
2026-06-15 23:37:34,218   FAIL: AGS Transact
2026-06-15 23:37:37,709 [2/330] ASK Automotive
2026-06-15 23:38:38,500   FAIL: ASK Automotive
2026-06-15 23:38:41,069 [3/330] Aadhar Housing
2026-06-15 23:39:41,791   FAIL: Aadhar Housing
2026-06-15 23:39:45,772 [4/330] Abans Holdings
2026-06-15 23:40:46,492   FAIL: Abans Holdings
2026-06-15 23:40:50,071 [5/330] Adani Wilmar
2026-06-15 23:41:50,804   FAIL: Adani Wilmar
2026-06-15 23:41:54,240 [6/330] Aditya Birla AMC
2026-06-15 23:42:54,687   FAIL: Aditya Birla AMC
2026-06-15 23:42:57,817 [7/330] Aditya Infotech Ltd
2026-06-15 23:43:58,434   FAIL: Aditya Infotech Ltd
2026-06-15 23:44:01,504 [8/330] Advance Agrolife Ltd
2026-06-15 23:45:02,174   FAIL: Advance Agrolife Ltd
2026-06-15 23:45:05,893 [9/330] Aegis Vopak Terminals Limited
2026-06-15 23:46:06,585   FAIL: Aegis Vopak Terminals Limited
2026-06-15 23:46:09,682 [10/330] Aequs Ltd
2026-06-15 23:47:10,486   FAIL: Aequs Ltd
2026-06-15 23:47:12,995 [11/330] Aeroflex Industries
2026-06-15 23:48:13,567   FAIL: Aeroflex Industries
2026-06-15 23:48:16,241 [12/330] Aether Industries
